5877:C 10 Oct 04:55:51.802 # Warning: no config file specified, using the default config. In order to specify a config file use redis-server /path/to/redis.conf
5877:M 10 Oct 04:55:51.805 * Increased maximum number of open files to 10032 (it was originally set to 7168).
                _._                                                  
           _.-``__ ''-._                                             
      _.-``    `.  `_.  ''-._           Redis 3.2.3 (00000000/0) 64 bit
  .-`` .-```.  ```\/    _.,_ ''-._                                   
 (    '      ,       .-`  | `,    )     Running in standalone mode
 |`-._`-...-` __...-.``-._|'` _.-'|     Port: 6379
 |    `-._   `._    /     _.-'    |     PID: 5877
  `-._    `-._  `-./  _.-'    _.-'                                   
 |`-._`-._    `-.__.-'    _.-'_.-'|                                  
 |    `-._`-._        _.-'_.-'    |           http://redis.io        
  `-._    `-._`-.__.-'_.-'    _.-'                                   
 |`-._`-._    `-.__.-'    _.-'_.-'|                                  
 |    `-._`-._        _.-'_.-'    |                                  
  `-._    `-._`-.__.-'_.-'    _.-'                                   
      `-._    `-.__.-'    _.-'                                       
          `-._        _.-'                                           
              `-.__.-'                                               

5877:M 10 Oct 04:55:51.806 # Server started, Redis version 3.2.3
5877:M 10 Oct 04:55:51.806 * DB loaded from disk: 0.000 seconds
5877:M 10 Oct 04:55:51.806 * The server is now ready to accept connections on port 6379
5877:M 10 Oct 05:00:52.057 * 100 changes in 300 seconds. Saving...
5877:M 10 Oct 05:00:52.085 * Background saving started by pid 6055
6055:C 10 Oct 05:00:52.150 * DB saved on disk
5877:M 10 Oct 05:00:52.188 * Background saving terminated with success
5877:M 10 Oct 05:10:42.421 * 100 changes in 300 seconds. Saving...
5877:M 10 Oct 05:10:42.435 * Background saving started by pid 6222
6222:C 10 Oct 05:10:42.446 * DB saved on disk
5877:M 10 Oct 05:10:42.541 * Background saving terminated with success
5877:M 10 Oct 05:16:01.398 * 100 changes in 300 seconds. Saving...
5877:M 10 Oct 05:16:01.410 * Background saving started by pid 6452
6452:C 10 Oct 05:16:01.430 * DB saved on disk
5877:M 10 Oct 05:16:01.515 * Background saving terminated with success
5877:M 10 Oct 05:21:02.100 * 100 changes in 300 seconds. Saving...
5877:M 10 Oct 05:21:02.101 * Background saving started by pid 6589
6589:C 10 Oct 05:21:02.102 * DB saved on disk
5877:M 10 Oct 05:21:02.201 * Background saving terminated with success
5877:M 10 Oct 05:28:09.548 * 100 changes in 300 seconds. Saving...
5877:M 10 Oct 05:28:09.548 * Background saving started by pid 6730
6730:C 10 Oct 05:28:09.598 * DB saved on disk
5877:M 10 Oct 05:28:09.652 * Background saving terminated with success
5877:M 10 Oct 05:33:10.069 * 100 changes in 300 seconds. Saving...
5877:M 10 Oct 05:33:10.080 * Background saving started by pid 6927
6927:C 10 Oct 05:33:10.096 * DB saved on disk
5877:M 10 Oct 05:33:10.185 * Background saving terminated with success
